PowerReceiver/app/build/outputs/logs/manifest-merger-debug-report.txt
-- Merging decision tree log ---
manifest
ADDED from src\main\AndroidManifest.xml:17:1-44:12
INJECTED from src\main\AndroidManifest.xml:17:1-44:12
INJECTED from src\main\AndroidManifest.xml:17:1-44:12
INJECTED from src\main\AndroidManifest.xml:17:1-44:12
MERGED from [com.android.support:appcompat-v7:24.2.1] AndroidManifest.xml:17:1-27:12
MERGED from [com.android.support:support-v4:24.2.1] AndroidManifest.xml:17:1-27:12
MERGED from [com.android.support:animated-vector-drawable:24.2.1] AndroidManifest.xml:17:1-24:12
MERGED from [com.android.support:support-vector-drawable:24.2.1] AndroidManifest.xml:17:1-25:12
MERGED from [com.android.support:support-fragment:24.2.1] AndroidManifest.xml:17:1-27:12
MERGED from [com.android.support:support-media-compat:24.2.1] AndroidManifest.xml:17:1-27:12
MERGED from [com.android.support:support-core-utils:24.2.1] AndroidManifest.xml:17:1-27:12
MERGED from [com.android.support:support-core-ui:24.2.1] AndroidManifest.xml:17:1-27:12
MERGED from [com.android.support:support-compat:24.2.1] AndroidManifest.xml:17:1-27:12
INJECTED from src\main\AndroidManifest.xml:17:1-44:12
INJECTED from src\main\AndroidManifest.xml:17:1-44:12
INJECTED from src\main\AndroidManifest.xml:17:1-44:12
	package
		ADDED from src\main\AndroidManifest.xml:18:5-48
		INJECTED from src\main\AndroidManifest.xml
		INJECTED from src\main\AndroidManifest.xml
	android:versionName
		INJECTED from src\main\AndroidManifest.xml
		ADDED from src\main\AndroidManifest.xml:17:1-44:12
		INJECTED from src\main\AndroidManifest.xml
	android:versionCode
		INJECTED from src\main\AndroidManifest.xml
		ADDED from src\main\AndroidManifest.xml:17:1-44:12
		INJECTED from src\main\AndroidManifest.xml
	xmlns:android
		ADDED from src\main\AndroidManifest.xml:17:11-69
application
ADDED from src\main\AndroidManifest.xml:20:5-42:19
MERGED from [com.android.support:appcompat-v7:24.2.1] AndroidManifest.xml:25:5-20
MERGED from [com.android.support:appcompat-v7:24.2.1] AndroidManifest.xml:25:5-20
MERGED from [com.android.support:support-v4:24.2.1] AndroidManifest.xml:25:5-20
MERGED from [com.android.support:support-v4:24.2.1] AndroidManifest.xml:25:5-20
MERGED from [com.android.support:animated-vector-drawable:24.2.1] AndroidManifest.xml:22:5-20
MERGED from [com.android.support:animated-vector-drawable:24.2.1] AndroidManifest.xml:22:5-20
MERGED from [com.android.support:support-vector-drawable:24.2.1] AndroidManifest.xml:23:5-20
MERGED from [com.android.support:support-vector-drawable:24.2.1] AndroidManifest.xml:23:5-20
MERGED from [com.android.support:support-fragment:24.2.1] AndroidManifest.xml:25:5-20
MERGED from [com.android.support:support-fragment:24.2.1] AndroidManifest.xml:25:5-20
MERGED from [com.android.support:support-media-compat:24.2.1] AndroidManifest.xml:25:5-20
MERGED from [com.android.support:support-media-compat:24.2.1] AndroidManifest.xml:25:5-20
MERGED from [com.android.support:support-core-utils:24.2.1] AndroidManifest.xml:25:5-20
MERGED from [com.android.support:support-core-utils:24.2.1] AndroidManifest.xml:25:5-20
MERGED from [com.android.support:support-core-ui:24.2.1] AndroidManifest.xml:25:5-20
MERGED from [com.android.support:support-core-ui:24.2.1] AndroidManifest.xml:25:5-20
MERGED from [com.android.support:support-compat:24.2.1] AndroidManifest.xml:25:5-20
MERGED from [com.android.support:support-compat:24.2.1] AndroidManifest.xml:25:5-20
	android:supportsRtl
		ADDED from src\main\AndroidManifest.xml:24:9-35
	android:label
		ADDED from src\main\AndroidManifest.xml:23:9-41
	android:icon
		ADDED from src\main\AndroidManifest.xml:22:9-43
	android:allowBackup
		ADDED from src\main\AndroidManifest.xml:21:9-35
	android:theme
		ADDED from src\main\AndroidManifest.xml:25:9-40
activity#com.example.android.powerreceiver.MainActivity
ADDED from src\main\AndroidManifest.xml:26:9-32:20
	android:name
		ADDED from src\main\AndroidManifest.xml:26:19-80
intent-filter#android.intent.action.MAIN+android.intent.category.LAUNCHER
ADDED from src\main\AndroidManifest.xml:27:13-31:29
action#android.intent.action.MAIN
ADDED from src\main\AndroidManifest.xml:28:17-69
	android:name
		ADDED from src\main\AndroidManifest.xml:28:25-66
category#android.intent.category.LAUNCHER
ADDED from src\main\AndroidManifest.xml:30:17-77
	android:name
		ADDED from src\main\AndroidManifest.xml:30:27-74
receiver#com.example.android.powerreceiver.CustomReceiver
ADDED from src\main\AndroidManifest.xml:34:9-41:20
	android:exported
		ADDED from src\main\AndroidManifest.xml:36:13-36
	android:name
		ADDED from src\main\AndroidManifest.xml:35:13-76
intent-filter#android.intent.action.ACTION_POWER_CONNECTED+android.intent.action.ACTION_POWER_DISCONNECTED
ADDED from src\main\AndroidManifest.xml:37:13-40:29
action#android.intent.action.ACTION_POWER_CONNECTED
ADDED from src\main\AndroidManifest.xml:38:17-86
	android:name
		ADDED from src\main\AndroidManifest.xml:38:25-84
action#android.intent.action.ACTION_POWER_DISCONNECTED
ADDED from src\main\AndroidManifest.xml:39:17-89
	android:name
		ADDED from src\main\AndroidManifest.xml:39:25-87
uses-sdk
INJECTED from src\main\AndroidManifest.xml reason: use-sdk injection requested
INJECTED from src\main\AndroidManifest.xml
INJECTED from src\main\AndroidManifest.xml
MERGED from [com.android.support:appcompat-v7:24.2.1] AndroidManifest.xml:21:5-23:78
MERGED from [com.android.support:appcompat-v7:24.2.1] AndroidManifest.xml:21:5-23:78
MERGED from [com.android.support:support-v4:24.2.1] AndroidManifest.xml:21:5-23:54
MERGED from [com.android.support:support-v4:24.2.1] AndroidManifest.xml:21:5-23:54
MERGED from [com.android.support:animated-vector-drawable:24.2.1] AndroidManifest.xml:20:5-44
MERGED from [com.android.support:animated-vector-drawable:24.2.1] AndroidManifest.xml:20:5-44
MERGED from [com.android.support:support-vector-drawable:24.2.1] AndroidManifest.xml:21:5-43
MERGED from [com.android.support:support-vector-drawable:24.2.1] AndroidManifest.xml:21:5-43
MERGED from [com.android.support:support-fragment:24.2.1] AndroidManifest.xml:21:5-23:60
MERGED from [com.android.support:support-fragment:24.2.1] AndroidManifest.xml:21:5-23:60
MERGED from [com.android.support:support-media-compat:24.2.1] AndroidManifest.xml:21:5-23:63
MERGED from [com.android.support:support-media-compat:24.2.1] AndroidManifest.xml:21:5-23:63
MERGED from [com.android.support:support-core-utils:24.2.1] AndroidManifest.xml:21:5-23:61
MERGED from [com.android.support:support-core-utils:24.2.1] AndroidManifest.xml:21:5-23:61
MERGED from [com.android.support:support-core-ui:24.2.1] AndroidManifest.xml:21:5-23:58
MERGED from [com.android.support:support-core-ui:24.2.1] AndroidManifest.xml:21:5-23:58
MERGED from [com.android.support:support-compat:24.2.1] AndroidManifest.xml:21:5-23:58
MERGED from [com.android.support:support-compat:24.2.1] AndroidManifest.xml:21:5-23:58
INJECTED from src\main\AndroidManifest.xml
INJECTED from src\main\AndroidManifest.xml
	tools:overrideLibrary
		ADDED from [com.android.support:appcompat-v7:24.2.1] AndroidManifest.xml:23:9-75
	android:targetSdkVersion
		INJECTED from src\main\AndroidManifest.xml
		ADDED from src\main\AndroidManifest.xml
		INJECTED from src\main\AndroidManifest.xml
	android:minSdkVersion
		INJECTED from src\main\AndroidManifest.xml
		ADDED from src\main\AndroidManifest.xml
		INJECTED from src\main\AndroidManifest.xml